{
  "stats": {
    "suites": 1,
    "tests": 1,
    "passes": 1,
    "pending": 0,
    "failures": 0,
    "start": "2025-10-21T19:42:09.537Z",
    "end": "2025-10-21T19:42:25.387Z",
    "duration": 15850,
    "testsRegistered": 1,
    "passPercent": 100,
    "pendingPercent": 0,
    "other": 0,
    "hasOther": false,
    "skipped": 0,
    "hasSkipped": false
  },
  "results": [
    {
      "uuid": "fb8805af-9e4f-4d0a-8e33-a8db18c30400",
      "title": "",
      "fullFile": "cypress\\e2e\\cadastro.cy.js",
      "file": "cypress\\e2e\\cadastro.cy.js",
      "beforeHooks": [],
      "afterHooks": [],
      "tests": [],
      "suites": [
        {
          "uuid": "ceb13105-94cd-480c-ad6b-513d9a3cb13e",
          "title": "Cadastro de usuário",
          "fullFile": "",
          "file": "",
          "beforeHooks": [],
          "afterHooks": [],
          "tests": [
            {
              "title": "Deve cadastrar um novo usuário com sucesso",
              "fullTitle": "Cadastro de usuário Deve cadastrar um novo usuário com sucesso",
              "timedOut": null,
              "duration": 15781,
              "state": "passed",
              "speed": "slow",
              "pass": true,
              "fail": false,
              "pending": false,
              "context": null,
              "code": "const timestamp = new Date().getTime();\nconst nome = 'qaTester';\nconst email = `testerqa${timestamp}@gmail.com`;\ncy.get('a[href=\"/login\"]').click();\ncy.url().should('include', '/login');\ncy.get('.signup-form h2').should('contain', 'New User Signup!');\n_CadastroPage.default.preencherFormulario(nome, email);\n_CadastroPage.default.completarCadastro(_userData.default);\n_CadastroPage.default.validarCadastroCriado();",
              "err": {},
              "uuid": "f9ec2696-edca-4d46-a0cd-e18205a2935c",
              "parentUUID": "ceb13105-94cd-480c-ad6b-513d9a3cb13e",
              "isHook": false,
              "skipped": false
            }
          ],
          "suites": [],
          "passes": [
            "f9ec2696-edca-4d46-a0cd-e18205a2935c"
          ],
          "failures": [],
          "pending": [],
          "skipped": [],
          "duration": 15781,
          "root": false,
          "rootEmpty": false,
          "_timeout": 2000
        }
      ],
      "passes": [],
      "failures": [],
      "pending": [],
      "skipped": [],
      "duration": 0,
      "root": true,
      "rootEmpty": true,
      "_timeout": 2000
    }
  ],
  "meta": {
    "mocha": {
      "version": "7.0.1"
    },
    "mochawesome": {
      "options": {
        "quiet": false,
        "reportFilename": "mochawesome",
        "saveHtml": true,
        "saveJson": true,
        "consoleReporter": "spec",
        "useInlineDiffs": false,
        "code": true
      },
      "version": "7.1.4"
    },
    "marge": {
      "options": {
        "reportDir": "cypress/reports",
        "overwrite": false,
        "html": true,
        "json": true
      },
      "version": "6.3.0"
    }
  }
}