{
  "stats": {
    "suites": 1,
    "tests": 3,
    "passes": 3,
    "pending": 0,
    "failures": 0,
    "start": "2025-10-21T19:43:11.803Z",
    "end": "2025-10-21T19:43:37.849Z",
    "duration": 26046,
    "testsRegistered": 3,
    "passPercent": 100,
    "pendingPercent": 0,
    "other": 0,
    "hasOther": false,
    "skipped": 0,
    "hasSkipped": false
  },
  "results": [
    {
      "uuid": "39883113-a3b5-49f2-8d27-a2324b8ee74a",
      "title": "",
      "fullFile": "cypress\\e2e\\login.cy.js",
      "file": "cypress\\e2e\\login.cy.js",
      "beforeHooks": [],
      "afterHooks": [],
      "tests": [],
      "suites": [
        {
          "uuid": "5426e854-433e-47aa-9f9c-e896259833e6",
          "title": "Funcionalidade de Login",
          "fullFile": "",
          "file": "",
          "beforeHooks": [],
          "afterHooks": [],
          "tests": [
            {
              "title": "Login com sucesso",
              "fullTitle": "Funcionalidade de Login Login com sucesso",
              "timedOut": null,
              "duration": 10001,
              "state": "passed",
              "speed": "slow",
              "pass": true,
              "fail": false,
              "pending": false,
              "context": null,
              "code": "cy.login('qatestecase4@gmail.com', 'qa1234');\n_LoginPage.default.validarLogin('qaTesteCase');",
              "err": {},
              "uuid": "8d59cde0-f32b-4907-85e7-d0b32f000acd",
              "parentUUID": "5426e854-433e-47aa-9f9c-e896259833e6",
              "isHook": false,
              "skipped": false
            },
            {
              "title": "Login incorreto",
              "fullTitle": "Funcionalidade de Login Login incorreto",
              "timedOut": null,
              "duration": 6458,
              "state": "passed",
              "speed": "medium",
              "pass": true,
              "fail": false,
              "pending": false,
              "context": null,
              "code": "cy.login('qa4@gmail.com', 'qa');\n_LoginPage.default.validarErroLogin();",
              "err": {},
              "uuid": "aaa27583-6dd0-47d9-83e1-14ab8f031e87",
              "parentUUID": "5426e854-433e-47aa-9f9c-e896259833e6",
              "isHook": false,
              "skipped": false
            },
            {
              "title": "Logout após login",
              "fullTitle": "Funcionalidade de Login Logout após login",
              "timedOut": null,
              "duration": 9341,
              "state": "passed",
              "speed": "medium",
              "pass": true,
              "fail": false,
              "pending": false,
              "context": null,
              "code": "cy.login('qatestecase4@gmail.com', 'qa1234');\n_LoginPage.default.logout();\ncy.url().should('contain', 'login');",
              "err": {},
              "uuid": "b60289da-7d2a-4fe7-84a8-16b19e8e7fbd",
              "parentUUID": "5426e854-433e-47aa-9f9c-e896259833e6",
              "isHook": false,
              "skipped": false
            }
          ],
          "suites": [],
          "passes": [
            "8d59cde0-f32b-4907-85e7-d0b32f000acd",
            "aaa27583-6dd0-47d9-83e1-14ab8f031e87",
            "b60289da-7d2a-4fe7-84a8-16b19e8e7fbd"
          ],
          "failures": [],
          "pending": [],
          "skipped": [],
          "duration": 25800,
          "root": false,
          "rootEmpty": false,
          "_timeout": 2000
        }
      ],
      "passes": [],
      "failures": [],
      "pending": [],
      "skipped": [],
      "duration": 0,
      "root": true,
      "rootEmpty": true,
      "_timeout": 2000
    }
  ],
  "meta": {
    "mocha": {
      "version": "7.0.1"
    },
    "mochawesome": {
      "options": {
        "quiet": false,
        "reportFilename": "mochawesome",
        "saveHtml": true,
        "saveJson": true,
        "consoleReporter": "spec",
        "useInlineDiffs": false,
        "code": true
      },
      "version": "7.1.4"
    },
    "marge": {
      "options": {
        "reportDir": "cypress/reports",
        "overwrite": false,
        "html": true,
        "json": true
      },
      "version": "6.3.0"
    }
  }
}