{
  "stats": {
    "suites": 1,
    "tests": 1,
    "passes": 1,
    "pending": 0,
    "failures": 0,
    "start": "2025-10-21T19:42:59.623Z",
    "end": "2025-10-21T19:43:07.583Z",
    "duration": 7960,
    "testsRegistered": 1,
    "passPercent": 100,
    "pendingPercent": 0,
    "other": 0,
    "hasOther": false,
    "skipped": 0,
    "hasSkipped": false
  },
  "results": [
    {
      "uuid": "0a307a82-cc1b-4dc4-b861-ccd3b99c4d1e",
      "title": "",
      "fullFile": "cypress\\e2e\\contato.cy.js",
      "file": "cypress\\e2e\\contato.cy.js",
      "beforeHooks": [],
      "afterHooks": [],
      "tests": [],
      "suites": [
        {
          "uuid": "b76caccb-a02e-4d94-a836-29bd68c7ee6c",
          "title": "Formulário de Contato",
          "fullFile": "",
          "file": "",
          "beforeHooks": [],
          "afterHooks": [],
          "tests": [
            {
              "title": "Enviar mensagem de contato",
              "fullTitle": "Formulário de Contato Enviar mensagem de contato",
              "timedOut": null,
              "duration": 7880,
              "state": "passed",
              "speed": "medium",
              "pass": true,
              "fail": false,
              "pending": false,
              "context": null,
              "code": "_ContatoPage.default.acessarContato();\ncy.fixture('example.json').as('arquivo');\n_ContatoPage.default.preencherFormulario('qaTesterQA', 'qatestecase4@gmail.com', 'teste', 'teste', '@arquivo');\n_ContatoPage.default.validarEnvio();",
              "err": {},
              "uuid": "58b25dca-bab3-4af8-a8a7-3e3cfae8c8b3",
              "parentUUID": "b76caccb-a02e-4d94-a836-29bd68c7ee6c",
              "isHook": false,
              "skipped": false
            }
          ],
          "suites": [],
          "passes": [
            "58b25dca-bab3-4af8-a8a7-3e3cfae8c8b3"
          ],
          "failures": [],
          "pending": [],
          "skipped": [],
          "duration": 7880,
          "root": false,
          "rootEmpty": false,
          "_timeout": 2000
        }
      ],
      "passes": [],
      "failures": [],
      "pending": [],
      "skipped": [],
      "duration": 0,
      "root": true,
      "rootEmpty": true,
      "_timeout": 2000
    }
  ],
  "meta": {
    "mocha": {
      "version": "7.0.1"
    },
    "mochawesome": {
      "options": {
        "quiet": false,
        "reportFilename": "mochawesome",
        "saveHtml": true,
        "saveJson": true,
        "consoleReporter": "spec",
        "useInlineDiffs": false,
        "code": true
      },
      "version": "7.1.4"
    },
    "marge": {
      "options": {
        "reportDir": "cypress/reports",
        "overwrite": false,
        "html": true,
        "json": true
      },
      "version": "6.3.0"
    }
  }
}