{
  "stats": {
    "suites": 1,
    "tests": 1,
    "passes": 1,
    "pending": 0,
    "failures": 0,
    "start": "2025-10-21T19:42:28.565Z",
    "end": "2025-10-21T19:42:56.569Z",
    "duration": 28004,
    "testsRegistered": 1,
    "passPercent": 100,
    "pendingPercent": 0,
    "other": 0,
    "hasOther": false,
    "skipped": 0,
    "hasSkipped": false
  },
  "results": [
    {
      "uuid": "bc0c1484-953f-437b-8300-65d1880c0107",
      "title": "",
      "fullFile": "cypress\\e2e\\compra.cy.js",
      "file": "cypress\\e2e\\compra.cy.js",
      "beforeHooks": [],
      "afterHooks": [],
      "tests": [],
      "suites": [
        {
          "uuid": "08aa4d39-7043-477d-a92a-346d41a9925a",
          "title": "Fluxo completo de compra",
          "fullFile": "",
          "file": "",
          "beforeHooks": [],
          "afterHooks": [],
          "tests": [
            {
              "title": "Cadastrar usuário e realizar compra",
              "fullTitle": "Fluxo completo de compra Cadastrar usuário e realizar compra",
              "timedOut": null,
              "duration": 27945,
              "state": "passed",
              "speed": "slow",
              "pass": true,
              "fail": false,
              "pending": false,
              "context": null,
              "code": "const timestamp = new Date().getTime();\nconst email = `testerqa${timestamp}@gmail.com`;\n_CadastroPage.default.preencherFormulario('qaTesterQA', email);\n_CadastroPage.default.completarCadastro(_userData.default);\n_CadastroPage.default.validarCadastroCriado();\n_ProdutosPage.default.acessarProdutos();\ncy.get('[data-product-id=\"1\"]').first().click();\ncy.contains('View Cart').click();\ncy.get('#product-1').should('contain.text', 'Blue Top');\ncy.get('.btn.btn-default.check_out').click();\ncy.get('.form-control').type('teste');\ncy.get('a[href*=\"payment\"]').click();\ncy.get('[data-qa=\"name-on-card\"]').type('QA Tester');\ncy.get('[data-qa=\"card-number\"]').type('5366588899');\ncy.get('[data-qa=\"cvc\"]').type('536');\ncy.get('[data-qa=\"expiry-month\"]').type('02');\ncy.get('[data-qa=\"expiry-year\"]').type('2027');\ncy.get('[data-qa=\"pay-button\"]').click();\ncy.contains('b', 'Order Placed!');",
              "err": {},
              "uuid": "2db809ae-4bf4-498a-9c9e-1e143954ed15",
              "parentUUID": "08aa4d39-7043-477d-a92a-346d41a9925a",
              "isHook": false,
              "skipped": false
            }
          ],
          "suites": [],
          "passes": [
            "2db809ae-4bf4-498a-9c9e-1e143954ed15"
          ],
          "failures": [],
          "pending": [],
          "skipped": [],
          "duration": 27945,
          "root": false,
          "rootEmpty": false,
          "_timeout": 2000
        }
      ],
      "passes": [],
      "failures": [],
      "pending": [],
      "skipped": [],
      "duration": 0,
      "root": true,
      "rootEmpty": true,
      "_timeout": 2000
    }
  ],
  "meta": {
    "mocha": {
      "version": "7.0.1"
    },
    "mochawesome": {
      "options": {
        "quiet": false,
        "reportFilename": "mochawesome",
        "saveHtml": true,
        "saveJson": true,
        "consoleReporter": "spec",
        "useInlineDiffs": false,
        "code": true
      },
      "version": "7.1.4"
    },
    "marge": {
      "options": {
        "reportDir": "cypress/reports",
        "overwrite": false,
        "html": true,
        "json": true
      },
      "version": "6.3.0"
    }
  }
}